\BOOKMARK [0][-]{chapter.1}{Introduction}{}% 1
\BOOKMARK [-1][-]{part.1}{I Problem Analysis}{}% 2
\BOOKMARK [0][-]{chapter.2}{Error-Prone Areas for Novices}{part.1}% 3
\BOOKMARK [1][-]{section.2.1}{Syntax and Semantics}{chapter.2}% 4
\BOOKMARK [1][-]{section.2.2}{Pragmas}{chapter.2}% 5
\BOOKMARK [1][-]{section.2.3}{Programming Paradigms}{chapter.2}% 6
\BOOKMARK [0][-]{chapter.3}{Programming Languages and Tools}{part.1}% 7
\BOOKMARK [1][-]{section.3.1}{Visual-based Programming Languages}{chapter.3}% 8
\BOOKMARK [2][-]{subsection.3.1.1}{Visual Programming}{section.3.1}% 9
\BOOKMARK [2][-]{subsection.3.1.2}{Scratch}{section.3.1}% 10
\BOOKMARK [1][-]{section.3.2}{Text Based Programming Languages}{chapter.3}% 11
\BOOKMARK [2][-]{subsection.3.2.1}{Text Based Educational Programming Languages}{section.3.2}% 12
\BOOKMARK [2][-]{subsection.3.2.2}{General Purpose Programming Languages}{section.3.2}% 13
\BOOKMARK [0][-]{chapter.4}{Teaching Programming}{part.1}% 14
\BOOKMARK [-1][-]{part.2}{II Language Comparison}{}% 15
\BOOKMARK [0][-]{chapter.5}{Preliminaries}{part.2}% 16
\BOOKMARK [0][-]{chapter.6}{Criteria}{part.2}% 17
\BOOKMARK [0][-]{chapter.7}{Comparative Analysis}{part.2}% 18
\BOOKMARK [0][-]{chapter.8}{Results}{part.2}% 19
\BOOKMARK [-1][-]{part.3}{III Bibliography}{}% 20
\BOOKMARK [0][-]{section*.2}{Bibliography}{part.3}% 21
